2022-09-28 08:15:22,641 [INFO] Activator:177 - 


2022-09-28 08:15:22,641 [INFO] Activator:178 - !SESSION log4j initialized
2022-09-28 08:15:29,251 [INFO] McuFinderGlobals:39 - Set McuFinder mode to 2 (CubeIDE integrated)
2022-09-28 08:15:29,595 [INFO] ApplicationProperties:181 - Using Application install path: C:\ST\STM32CubeIDE_1.7.0\STM32CubeIDE\plugins\com.st.stm32cube.common.mx_6.3.0.202107141111
2022-09-28 08:15:29,595 [INFO] DbMcusXml:74 - Set database path to: C:\ST\STM32CubeIDE_1.7.0\STM32CubeIDE\plugins\com.st.stm32cube.common.mx_6.3.0.202107141111\\db\/mcu/
2022-09-28 08:15:29,595 [INFO] DbBoardsPdsc:56 - Set plugin database path to: C:\ST\STM32CubeIDE_1.7.0\STM32CubeIDE\plugins\com.st.stm32cube.common.mx_6.3.0.202107141111\\db\/plugins/boardmanager/
2022-09-28 08:15:29,595 [INFO] DbMcus:258 - Set plugin images path to: C:\ST\STM32CubeIDE_1.7.0\STM32CubeIDE\plugins\com.st.stm32cube.common.mx_6.3.0.202107141111\\db\/plugins/mcufinder/images/
2022-09-28 08:15:29,595 [INFO] DbBoards:264 - Set plugin images path to: C:\ST\STM32CubeIDE_1.7.0\STM32CubeIDE\plugins\com.st.stm32cube.common.mx_6.3.0.202107141111\\db\/plugins/mcufinder/images/
2022-09-28 08:15:29,610 [INFO] DbExamples:333 - Set plugin images path to: C:\ST\STM32CubeIDE_1.7.0\STM32CubeIDE\plugins\com.st.stm32cube.common.mx_6.3.0.202107141111\\db\/plugins/mcufinder/images/
2022-09-28 08:15:29,610 [INFO] DbMcusAds:119 - Set database path to: C:\Users\HP\.stmcufinder\plugins\mcufinder//mcu/
2022-09-28 08:15:29,610 [INFO] DbMcusDocs:110 - Set database path to: C:\Users\HP\.stmcufinder\plugins\mcufinder//mcu/
2022-09-28 08:15:29,610 [INFO] DbMcusJson:64 - Set database path to: C:\Users\HP\.stmcufinder\plugins\mcufinder//mcu/
2022-09-28 08:15:29,610 [INFO] DbBoardsDocs:110 - Set database path to: C:\Users\HP\.stmcufinder\plugins\mcufinder//mcu/
2022-09-28 08:15:29,610 [INFO] DbBoardsJson:57 - Set database path to: C:\Users\HP\.stmcufinder\plugins\mcufinder//mcu/
2022-09-28 08:15:29,610 [INFO] CrossReferenceDbSqlite:196 - Set database path to: C:\Users\HP\.stmcufinder\plugins\mcufinder//mcu/cs/
2022-09-28 08:15:29,626 [INFO] DbExamplesSqlite:767 - Set database path to: C:\Users\HP\.stmcufinder\plugins\mcufinder//mcu/
2022-09-28 08:15:29,704 [INFO] RulesReader:57 - Compatibility file has been processed (242 Rules)
2022-09-28 08:15:29,782 [INFO] DbMcusXml:74 - Set database path to: C:\ST\STM32CubeIDE_1.7.0\STM32CubeIDE\plugins\com.st.stm32cube.common.mx_6.3.0.202107141111\\db\/mcu/
2022-09-28 08:15:29,782 [INFO] DbBoardsPdsc:56 - Set plugin database path to: C:\ST\STM32CubeIDE_1.7.0\STM32CubeIDE\plugins\com.st.stm32cube.common.mx_6.3.0.202107141111\\db\/plugins/boardmanager/
2022-09-28 08:15:29,782 [INFO] DbMcus:258 - Set plugin images path to: C:\ST\STM32CubeIDE_1.7.0\STM32CubeIDE\plugins\com.st.stm32cube.common.mx_6.3.0.202107141111\\db\/plugins/mcufinder/images/
2022-09-28 08:15:29,782 [INFO] DbBoards:264 - Set plugin images path to: C:\ST\STM32CubeIDE_1.7.0\STM32CubeIDE\plugins\com.st.stm32cube.common.mx_6.3.0.202107141111\\db\/plugins/mcufinder/images/
2022-09-28 08:15:29,782 [INFO] DbExamples:333 - Set plugin images path to: C:\ST\STM32CubeIDE_1.7.0\STM32CubeIDE\plugins\com.st.stm32cube.common.mx_6.3.0.202107141111\\db\/plugins/mcufinder/images/
2022-09-28 08:15:29,782 [WARN] DbFile:35 - Overriding database path with different value: C:\Users\HP\.stmcufinder\plugins\mcufinder/ => C:\Users\HP\.stmcufinder\plugins\mcufinder
2022-09-28 08:15:29,782 [INFO] DbMcusAds:119 - Set database path to: C:\Users\HP\.stmcufinder\plugins\mcufinder//mcu/
2022-09-28 08:15:29,782 [WARN] DbFile:35 - Overriding database path with different value: C:\Users\HP\.stmcufinder\plugins\mcufinder/ => C:\Users\HP\.stmcufinder\plugins\mcufinder
2022-09-28 08:15:29,782 [INFO] DbMcusDocs:110 - Set database path to: C:\Users\HP\.stmcufinder\plugins\mcufinder//mcu/
2022-09-28 08:15:29,782 [WARN] DbFile:35 - Overriding database path with different value: C:\Users\HP\.stmcufinder\plugins\mcufinder/ => C:\Users\HP\.stmcufinder\plugins\mcufinder
2022-09-28 08:15:29,782 [INFO] DbMcusJson:64 - Set database path to: C:\Users\HP\.stmcufinder\plugins\mcufinder//mcu/
2022-09-28 08:15:29,782 [WARN] DbFile:35 - Overriding database path with different value: C:\Users\HP\.stmcufinder\plugins\mcufinder/ => C:\Users\HP\.stmcufinder\plugins\mcufinder
2022-09-28 08:15:29,782 [INFO] DbBoardsDocs:110 - Set database path to: C:\Users\HP\.stmcufinder\plugins\mcufinder//mcu/
2022-09-28 08:15:29,782 [WARN] DbFile:35 - Overriding database path with different value: C:\Users\HP\.stmcufinder\plugins\mcufinder/ => C:\Users\HP\.stmcufinder\plugins\mcufinder
2022-09-28 08:15:29,782 [INFO] DbBoardsJson:57 - Set database path to: C:\Users\HP\.stmcufinder\plugins\mcufinder//mcu/
2022-09-28 08:15:29,782 [WARN] DbFile:35 - Overriding database path with different value: C:\Users\HP\.stmcufinder\plugins\mcufinder/ => C:\Users\HP\.stmcufinder\plugins\mcufinder
2022-09-28 08:15:29,782 [WARN] DbFile:35 - Overriding database path with different value: C:\Users\HP\.stmcufinder\plugins\mcufinder/ => C:\Users\HP\.stmcufinder\plugins\mcufinder
2022-09-28 08:15:29,782 [INFO] CrossReferenceDbSqlite:196 - Set database path to: C:\Users\HP\.stmcufinder\plugins\mcufinder//mcu/cs/
2022-09-28 08:15:29,782 [WARN] DbFile:35 - Overriding database path with different value: C:\Users\HP\.stmcufinder\plugins\mcufinder/ => C:\Users\HP\.stmcufinder\plugins\mcufinder
2022-09-28 08:15:29,782 [INFO] DbExamplesSqlite:767 - Set database path to: C:\Users\HP\.stmcufinder\plugins\mcufinder//mcu/
2022-09-28 08:15:29,845 [INFO] MainPanel:214 - HeapMemory: 268435456
2022-09-28 08:15:29,923 [INFO] DbMcusXml:74 - Set database path to: C:\ST\STM32CubeIDE_1.7.0\STM32CubeIDE\plugins\com.st.stm32cube.common.mx_6.3.0.202107141111\\db\/mcu/
2022-09-28 08:15:29,923 [INFO] DbBoardsPdsc:56 - Set plugin database path to: C:\ST\STM32CubeIDE_1.7.0\STM32CubeIDE\plugins\com.st.stm32cube.common.mx_6.3.0.202107141111\\db\/plugins/boardmanager/
2022-09-28 08:15:29,923 [INFO] DbMcus:258 - Set plugin images path to: C:\ST\STM32CubeIDE_1.7.0\STM32CubeIDE\plugins\com.st.stm32cube.common.mx_6.3.0.202107141111\\db\/plugins/mcufinder/images/
2022-09-28 08:15:29,923 [INFO] DbBoards:264 - Set plugin images path to: C:\ST\STM32CubeIDE_1.7.0\STM32CubeIDE\plugins\com.st.stm32cube.common.mx_6.3.0.202107141111\\db\/plugins/mcufinder/images/
2022-09-28 08:15:29,923 [INFO] DbExamples:333 - Set plugin images path to: C:\ST\STM32CubeIDE_1.7.0\STM32CubeIDE\plugins\com.st.stm32cube.common.mx_6.3.0.202107141111\\db\/plugins/mcufinder/images/
2022-09-28 08:15:29,923 [WARN] DbFile:35 - Overriding database path with different value: C:\Users\HP\.stmcufinder\plugins\mcufinder/ => C:\Users\HP\.stmcufinder\plugins\mcufinder
2022-09-28 08:15:29,923 [INFO] DbMcusAds:119 - Set database path to: C:\Users\HP\.stmcufinder\plugins\mcufinder//mcu/
2022-09-28 08:15:29,923 [WARN] DbFile:35 - Overriding database path with different value: C:\Users\HP\.stmcufinder\plugins\mcufinder/ => C:\Users\HP\.stmcufinder\plugins\mcufinder
2022-09-28 08:15:29,923 [INFO] DbMcusDocs:110 - Set database path to: C:\Users\HP\.stmcufinder\plugins\mcufinder//mcu/
2022-09-28 08:15:29,923 [WARN] DbFile:35 - Overriding database path with different value: C:\Users\HP\.stmcufinder\plugins\mcufinder/ => C:\Users\HP\.stmcufinder\plugins\mcufinder
2022-09-28 08:15:29,923 [INFO] DbMcusJson:64 - Set database path to: C:\Users\HP\.stmcufinder\plugins\mcufinder//mcu/
2022-09-28 08:15:29,923 [WARN] DbFile:35 - Overriding database path with different value: C:\Users\HP\.stmcufinder\plugins\mcufinder/ => C:\Users\HP\.stmcufinder\plugins\mcufinder
2022-09-28 08:15:29,923 [INFO] DbBoardsDocs:110 - Set database path to: C:\Users\HP\.stmcufinder\plugins\mcufinder//mcu/
2022-09-28 08:15:29,923 [WARN] DbFile:35 - Overriding database path with different value: C:\Users\HP\.stmcufinder\plugins\mcufinder/ => C:\Users\HP\.stmcufinder\plugins\mcufinder
2022-09-28 08:15:29,923 [INFO] DbBoardsJson:57 - Set database path to: C:\Users\HP\.stmcufinder\plugins\mcufinder//mcu/
2022-09-28 08:15:29,923 [WARN] DbFile:35 - Overriding database path with different value: C:\Users\HP\.stmcufinder\plugins\mcufinder/ => C:\Users\HP\.stmcufinder\plugins\mcufinder
2022-09-28 08:15:29,923 [WARN] DbFile:35 - Overriding database path with different value: C:\Users\HP\.stmcufinder\plugins\mcufinder/ => C:\Users\HP\.stmcufinder\plugins\mcufinder
2022-09-28 08:15:29,923 [INFO] CrossReferenceDbSqlite:196 - Set database path to: C:\Users\HP\.stmcufinder\plugins\mcufinder//mcu/cs/
2022-09-28 08:15:29,923 [WARN] DbFile:35 - Overriding database path with different value: C:\Users\HP\.stmcufinder\plugins\mcufinder/ => C:\Users\HP\.stmcufinder\plugins\mcufinder
2022-09-28 08:15:29,923 [INFO] DbExamplesSqlite:767 - Set database path to: C:\Users\HP\.stmcufinder\plugins\mcufinder//mcu/
2022-09-28 08:15:29,939 [INFO] ApplicationProperties:181 - Using Application install path: C:\ST\STM32CubeIDE_1.7.0\STM32CubeIDE\plugins\com.st.stm32cube.common.mx_6.3.0.202107141111
2022-09-28 08:15:29,939 [INFO] PluginManage:188 - Search for loadable plugins [exclusion list=, ]
2022-09-28 08:15:29,939 [INFO] PluginManage:302 - Check plugin analytics
2022-09-28 08:15:30,064 [INFO] AnalyticsPlugin:257 - Accepted Software Licenses: 
2022-09-28 08:15:30,064 [INFO] AnalyticsPlugin:259 - Accepted CMSIS Pack Licenses: 
2022-09-28 08:15:30,064 [INFO] AnalyticsPlugin:261 - Accepted Firmware Licenses: 
2022-09-28 08:15:30,064 [INFO] PluginManage:352 - Loaded plugin analytics (category:tool,tabindex:-1)
2022-09-28 08:15:30,064 [INFO] PluginManage:302 - Check plugin clock
2022-09-28 08:15:30,079 [INFO] PluginManage:352 - Loaded plugin clock (category:base,tabindex:2)
2022-09-28 08:15:30,079 [INFO] PluginManage:302 - Check plugin ddr
2022-09-28 08:15:30,079 [INFO] PluginManage:352 - Loaded plugin ddr (category:tool,tabindex:6)
2022-09-28 08:15:30,079 [INFO] PluginManage:302 - Check plugin filemanager
2022-09-28 08:15:30,189 [INFO] PluginManage:352 - Loaded plugin filemanager (category:base,tabindex:10)
2022-09-28 08:15:30,189 [INFO] PluginManage:302 - Check plugin ipmanager
2022-09-28 08:15:30,204 [INFO] PluginManage:352 - Loaded plugin ipmanager (category:base,tabindex:5)
2022-09-28 08:15:30,204 [INFO] PluginManage:302 - Check plugin pinoutandconfiguration
2022-09-28 08:15:30,220 [INFO] PluginManage:352 - Loaded plugin pinoutandconfiguration (category:base,tabindex:1)
2022-09-28 08:15:30,220 [INFO] PluginManage:302 - Check plugin pinoutconfig
2022-09-28 08:15:30,235 [INFO] PluginManage:352 - Loaded plugin pinoutconfig (category:base,tabindex:0)
2022-09-28 08:15:30,235 [INFO] PluginManage:302 - Check plugin power
2022-09-28 08:15:30,251 [INFO] PluginManage:352 - Loaded plugin power (category:power,tabindex:4)
2022-09-28 08:15:30,267 [INFO] PluginManage:302 - Check plugin projectmanager
2022-09-28 08:15:30,267 [INFO] PluginManage:352 - Loaded plugin projectmanager (category:projectmanager,tabindex:3)
2022-09-28 08:15:30,267 [INFO] PluginManage:302 - Check plugin thirdparty
2022-09-28 08:15:30,485 [WARN] IntegrityCheckThread:78 - waiting for thirdparty lock release [integrity check]
2022-09-28 08:15:30,485 [INFO] IntegrityCheckThread:80 - entering critical section [integrity check]
2022-09-28 08:15:30,485 [INFO] PluginManage:352 - Loaded plugin thirdparty (category:base,tabindex:-1)
2022-09-28 08:15:30,485 [INFO] PluginManage:302 - Check plugin tools
2022-09-28 08:15:30,485 [INFO] ThirdPartyUpdaterWithRetryManager:66 - Updater plugin not ready yet. [1/15]
2022-09-28 08:15:30,532 [INFO] PluginManage:352 - Loaded plugin tools (category:base,tabindex:7)
2022-09-28 08:15:30,532 [INFO] PluginManage:302 - Check plugin tutovideos
2022-09-28 08:15:30,735 [INFO] PluginManage:352 - Loaded plugin tutovideos (category:base,tabindex:-1)
2022-09-28 08:15:30,735 [INFO] PluginManage:302 - Check plugin updater
2022-09-28 08:15:30,735 [INFO] PluginManage:352 - Loaded plugin updater (category:base,tabindex:12)
2022-09-28 08:15:30,735 [INFO] PluginManage:275 - PluginManage : Loaded plugins [13]
2022-09-28 08:15:30,892 [INFO] PinOutPanel:1463 - setPackage(No Configuration,No Configuration)
2022-09-28 08:15:30,985 [INFO] IPUIPlugin:74 - create IPUIPlugin
2022-09-28 08:15:30,985 [INFO] PluginManager:213 - loadIPPluginJar : add adc
2022-09-28 08:15:31,001 [INFO] IPUIPlugin:74 - create IPUIPlugin
2022-09-28 08:15:31,001 [INFO] PluginManager:213 - loadIPPluginJar : add aes
2022-09-28 08:15:31,048 [INFO] IPUIPlugin:74 - create IPUIPlugin
2022-09-28 08:15:31,048 [INFO] PluginManager:213 - loadIPPluginJar : add can
2022-09-28 08:15:31,064 [INFO] IPUIPlugin:74 - create IPUIPlugin
2022-09-28 08:15:31,064 [INFO] PluginManager:213 - loadIPPluginJar : add comp
2022-09-28 08:15:31,095 [INFO] IPUIPlugin:74 - create IPUIPlugin
2022-09-28 08:15:31,095 [INFO] PluginManager:213 - loadIPPluginJar : add cryp
2022-09-28 08:15:31,110 [INFO] IPUIPlugin:74 - create IPUIPlugin
2022-09-28 08:15:31,110 [INFO] PluginManager:213 - loadIPPluginJar : add dfsdm
2022-09-28 08:15:31,126 [INFO] IPUIPlugin:74 - create IPUIPlugin
2022-09-28 08:15:31,126 [INFO] PluginManager:213 - loadIPPluginJar : add dma
2022-09-28 08:15:31,157 [INFO] IPUIPlugin:74 - create IPUIPlugin
2022-09-28 08:15:31,157 [INFO] PluginManager:213 - loadIPPluginJar : add dma3
2022-09-28 08:15:31,173 [INFO] IPUIPlugin:74 - create IPUIPlugin
2022-09-28 08:15:31,173 [INFO] PluginManager:213 - loadIPPluginJar : add fatfs
2022-09-28 08:15:31,220 [INFO] IPUIPlugin:74 - create IPUIPlugin
2022-09-28 08:15:31,220 [INFO] PluginManager:213 - loadIPPluginJar : add fmc
2022-09-28 08:15:31,235 [INFO] IPUIPlugin:74 - create IPUIPlugin
2022-09-28 08:15:31,235 [INFO] PluginManager:213 - loadIPPluginJar : add freertos
2022-09-28 08:15:31,251 [INFO] IPUIPlugin:74 - create IPUIPlugin
2022-09-28 08:15:31,251 [INFO] PluginManager:213 - loadIPPluginJar : add genericplugin
2022-09-28 08:15:31,314 [INFO] IPUIPlugin:74 - create IPUIPlugin
2022-09-28 08:15:31,314 [INFO] PluginManager:213 - loadIPPluginJar : add gfxmmu
2022-09-28 08:15:31,407 [INFO] IPUIPlugin:74 - create IPUIPlugin
2022-09-28 08:15:31,407 [INFO] PluginManager:213 - loadIPPluginJar : add gic
2022-09-28 08:15:31,423 [INFO] IPUIPlugin:74 - create IPUIPlugin
2022-09-28 08:15:31,423 [INFO] PluginManager:213 - loadIPPluginJar : add gpio
2022-09-28 08:15:31,470 [INFO] IPUIPlugin:74 - create IPUIPlugin
2022-09-28 08:15:31,470 [INFO] PluginManager:213 - loadIPPluginJar : add gtzc
2022-09-28 08:15:31,501 [INFO] IPUIPlugin:74 - create IPUIPlugin
2022-09-28 08:15:31,501 [INFO] PluginManager:213 - loadIPPluginJar : add hash
2022-09-28 08:15:31,532 [INFO] IPUIPlugin:74 - create IPUIPlugin
2022-09-28 08:15:31,532 [INFO] PluginManager:213 - loadIPPluginJar : add i2c
2022-09-28 08:15:31,579 [INFO] IPUIPlugin:74 - create IPUIPlugin
2022-09-28 08:15:31,579 [INFO] PluginManager:213 - loadIPPluginJar : add i2s
2022-09-28 08:15:31,579 [INFO] IPUIPlugin:74 - create IPUIPlugin
2022-09-28 08:15:31,579 [INFO] PluginManager:213 - loadIPPluginJar : add ipddr
2022-09-28 08:15:31,642 [INFO] IPUIPlugin:74 - create IPUIPlugin
2022-09-28 08:15:31,642 [INFO] PluginManager:213 - loadIPPluginJar : add linkedlist
2022-09-28 08:15:31,673 [INFO] IPUIPlugin:74 - create IPUIPlugin
2022-09-28 08:15:31,673 [INFO] PluginManager:213 - loadIPPluginJar : add lorawan
2022-09-28 08:15:31,704 [INFO] IPUIPlugin:74 - create IPUIPlugin
2022-09-28 08:15:31,704 [INFO] PluginManager:213 - loadIPPluginJar : add ltdc
2022-09-28 08:15:31,720 [INFO] IPUIPlugin:74 - create IPUIPlugin
2022-09-28 08:15:31,720 [INFO] PluginManager:213 - loadIPPluginJar : add mdma
2022-09-28 08:15:31,720 [INFO] IPUIPlugin:74 - create IPUIPlugin
2022-09-28 08:15:31,720 [INFO] PluginManager:213 - loadIPPluginJar : add nvic
2022-09-28 08:15:31,751 [INFO] IPUIPlugin:74 - create IPUIPlugin
2022-09-28 08:15:31,751 [INFO] PluginManager:213 - loadIPPluginJar : add opamp
2022-09-28 08:15:31,798 [INFO] IPUIPlugin:74 - create IPUIPlugin
2022-09-28 08:15:31,798 [INFO] PluginManager:213 - loadIPPluginJar : add openamp
2022-09-28 08:15:31,829 [INFO] IPUIPlugin:74 - create IPUIPlugin
2022-09-28 08:15:31,829 [INFO] PluginManager:213 - loadIPPluginJar : add pdm2pcm
2022-09-28 08:15:31,845 [INFO] IPUIPlugin:74 - create IPUIPlugin
2022-09-28 08:15:31,845 [INFO] PluginManager:213 - loadIPPluginJar : add plateformsettings
2022-09-28 08:15:31,876 [INFO] IPUIPlugin:74 - create IPUIPlugin
2022-09-28 08:15:31,876 [INFO] PluginManager:213 - loadIPPluginJar : add quadspi
2022-09-28 08:15:31,876 [INFO] IPUIPlugin:74 - create IPUIPlugin
2022-09-28 08:15:31,876 [INFO] PluginManager:213 - loadIPPluginJar : add resmgrutility
2022-09-28 08:15:31,923 [INFO] IPUIPlugin:74 - create IPUIPlugin
2022-09-28 08:15:31,923 [INFO] PluginManager:213 - loadIPPluginJar : add sai
2022-09-28 08:15:31,954 [INFO] IPUIPlugin:74 - create IPUIPlugin
2022-09-28 08:15:31,954 [INFO] PluginManager:213 - loadIPPluginJar : add spi
2022-09-28 08:15:32,001 [INFO] IPUIPlugin:74 - create IPUIPlugin
2022-09-28 08:15:32,001 [INFO] PluginManager:213 - loadIPPluginJar : add stm32_wpan
2022-09-28 08:15:32,017 [INFO] IPUIPlugin:74 - create IPUIPlugin
2022-09-28 08:15:32,017 [INFO] PluginManager:213 - loadIPPluginJar : add tim
2022-09-28 08:15:32,064 [INFO] IPUIPlugin:74 - create IPUIPlugin
2022-09-28 08:15:32,064 [INFO] PluginManager:213 - loadIPPluginJar : add touchsensing
2022-09-28 08:15:32,095 [INFO] IPUIPlugin:74 - create IPUIPlugin
2022-09-28 08:15:32,095 [INFO] PluginManager:213 - loadIPPluginJar : add tracer_emb
2022-09-28 08:15:32,110 [INFO] IPUIPlugin:74 - create IPUIPlugin
2022-09-28 08:15:32,110 [INFO] PluginManager:213 - loadIPPluginJar : add ts
2022-09-28 08:15:32,126 [INFO] IPUIPlugin:74 - create IPUIPlugin
2022-09-28 08:15:32,126 [INFO] PluginManager:213 - loadIPPluginJar : add tsc
2022-09-28 08:15:32,157 [INFO] IPUIPlugin:74 - create IPUIPlugin
2022-09-28 08:15:32,157 [INFO] PluginManager:213 - loadIPPluginJar : add ucpd
2022-09-28 08:15:32,189 [INFO] IPUIPlugin:74 - create IPUIPlugin
2022-09-28 08:15:32,189 [INFO] PluginManager:213 - loadIPPluginJar : add usart
2022-09-28 08:15:32,220 [INFO] IPUIPlugin:74 - create IPUIPlugin
2022-09-28 08:15:32,220 [INFO] PluginManager:213 - loadIPPluginJar : add usbx
2022-09-28 08:15:32,508 [FATAL] Updater:294 - Updater called before beeing initialized
2022-09-28 08:15:32,602 [FATAL] Updater:294 - Updater called before beeing initialized
2022-09-28 08:15:32,602 [INFO] DbMcusAds:47 - JSON generation date=Thu Sep 30 13:55:09 ICT 2021 (1632984909247)
2022-09-28 08:15:32,602 [FATAL] Updater:294 - Updater called before beeing initialized
2022-09-28 08:15:32,664 [WARN] DetailPanel:314 - Failed to get advertising image, set to default
2022-09-28 08:15:32,742 [FATAL] Updater:294 - Updater called before beeing initialized
2022-09-28 08:15:32,742 [FATAL] Updater:294 - Updater called before beeing initialized
2022-09-28 08:15:32,742 [FATAL] Updater:294 - Updater called before beeing initialized
2022-09-28 08:15:32,742 [WARN] DetailPanel:314 - Failed to get advertising image, set to default
2022-09-28 08:15:32,742 [FATAL] Updater:294 - Updater called before beeing initialized
2022-09-28 08:15:32,789 [ERROR] Updater:1075 - MainUpdater not yet initialized. External WinMGr cannot be set.
2022-09-28 08:15:32,805 [INFO] Updater:1012 - Updater Version found : 6.3.0
2022-09-28 08:15:32,820 [INFO] ApplicationProperties:181 - Using Application install path: C:\ST\STM32CubeIDE_1.7.0\STM32CubeIDE\plugins\com.st.stm32cube.common.mx_6.3.0.202107141111
2022-09-28 08:15:33,492 [INFO] ThirdPartyUpdaterWithRetryManager:66 - Updater plugin not ready yet. [2/15]
2022-09-28 08:15:33,805 [INFO] MainUpdater:2671 - connection check result : 10
2022-09-28 08:15:33,805 [INFO] MainUpdater:265 - Updater Check For Update Now.
2022-09-28 08:15:33,805 [INFO] MicroXplorer:478 - Change Database Version : DB.6.0.30
2022-09-28 08:15:33,961 [INFO] CheckServerUpdateThread:112 - End of CheckServer Thread
2022-09-28 08:15:34,055 [INFO] MainUpdater:2671 - connection check result : 10
2022-09-28 08:15:34,445 [INFO] McuFinderGlobals:52 - Set McuFinderConnectedMode to false
2022-09-28 08:15:34,555 [INFO] CrossSelectorPresenter:1330 - Cross Selector saved comparison directory: C:\Users\HP\.stmcufinder\plugins\mcufinder\mcu\cs_comparisons_mx
2022-09-28 08:15:34,555 [INFO] MultiScanPanel:197 - Auto-refresh data requested => check proxy status ongoing
2022-09-28 08:15:34,555 [INFO] MultiScanPanel:201 - Proxy status is invalid
2022-09-28 08:15:34,555 [INFO] FinderPluginLoader:87 - Searching for filters in installed packs
2022-09-28 08:15:34,570 [INFO] DbMcusXml:100 - Load MCU database from C:\ST\STM32CubeIDE_1.7.0\STM32CubeIDE\plugins\com.st.stm32cube.common.mx_6.3.0.202107141111\\db\/mcu/families.xml
2022-09-28 08:15:35,445 [INFO] DbMcusJson:93 - JSON generation date=Tue Nov 16 23:17:54 ICT 2021 (1637079474)
2022-09-28 08:15:36,133 [INFO] DbMcus:175 - Found 1951 MCUs (1903 are supported by CubeMX, 1914 are visible in CubeMX)
2022-09-28 08:15:36,133 [INFO] ApiDb:251 - Load user favorites file C:\Users\HP/.stm32cubeide/favorites.mcus.txt: 0 item(s)
2022-09-28 08:15:36,133 [INFO] ApiDb:255 - User favorites MCUs=[]
2022-09-28 08:15:36,133 [INFO] DbMcus:187 - Set 0 / 0 favorites MCUs
2022-09-28 08:15:36,508 [INFO] DetailPanel:309 - Set advertising image to C:/Users/HP/STM32Cube/Repository/\en.Prom_NBSTM32U50921.jpg
2022-09-28 08:15:36,633 [WARN] PackLoader:238 - Cannot read IP mode file for STMicroelectronics.X-CUBE-GNSS1.6.0.0
2022-09-28 08:15:36,680 [WARN] PackLoader:238 - Cannot read IP mode file for STMicroelectronics.X-CUBE-AZRTOS-F4.1.1.0
2022-09-28 08:15:36,742 [WARN] PackLoader:238 - Cannot read IP mode file for STMicroelectronics.X-CUBE-AZRTOS-F7.1.1.0
2022-09-28 08:15:36,758 [WARN] PackLoader:238 - Cannot read IP mode file for STMicroelectronics.X-CUBE-BLE1.6.2.3
2022-09-28 08:15:36,758 [WARN] PackLoader:238 - Cannot read IP mode file for STMicroelectronics.X-CUBE-NFC4.2.0.4
2022-09-28 08:15:36,773 [WARN] PackLoader:238 - Cannot read IP mode file for STMicroelectronics.X-CUBE-TOF1.3.1.0
2022-09-28 08:15:36,789 [WARN] PackLoader:238 - Cannot read IP mode file for wolfSSL.I-CUBE-wolfSSL.5.5.0
2022-09-28 08:15:36,805 [WARN] PackLoader:238 - Cannot read IP mode file for STMicroelectronics.X-CUBE-NFC7.1.0.0
2022-09-28 08:15:36,852 [WARN] PackLoader:238 - Cannot read IP mode file for STMicroelectronics.X-CUBE-MEMS1.9.3.0
2022-09-28 08:15:36,914 [INFO] DbBoardsPdsc:90 - Found 25 items
2022-09-28 08:15:36,914 [INFO] DbBoardsPdsc:90 - Found 9 items
2022-09-28 08:15:36,930 [INFO] DbBoardsPdsc:90 - Found 33 items
2022-09-28 08:15:36,930 [INFO] DbBoardsPdsc:90 - Found 1 items
2022-09-28 08:15:36,945 [INFO] DbBoardsPdsc:90 - Found 48 items
2022-09-28 08:15:36,961 [INFO] DbBoardsPdsc:90 - Found 43 items
2022-09-28 08:15:36,961 [INFO] DbBoardsPdsc:90 - Found 2 items
2022-09-28 08:15:36,977 [INFO] DbBoardsPdsc:90 - Found 5 items
2022-09-28 08:15:36,977 [WARN] DbBoardsPdsc:254 - Board STM32H7B3I-DK: unknown feature type=Audio, name=, username=Audio stereo codec with Headphone Amp (CS42L51-CNZ), n=1
2022-09-28 08:15:36,977 [WARN] DbBoardsPdsc:254 - Board STM32H735G-DK: unknown feature type=Audio, name=, username=Audio stereo codec with Headphone Amp (WM8994ECS/R), n=1
2022-09-28 08:15:36,977 [WARN] DbBoardsPdsc:254 - Board STM32H7B3I-EVAL: unknown feature type=Audio, name=, username=Multi-Channel Audio Codec (CS42L51-CNZ), n=1
2022-09-28 08:15:36,977 [WARN] DbBoardsPdsc:254 - Board STM32H7B3I-EVAL: unknown feature type=Meter, name=, username=Power-metering and Temperature-monitoring with sigma-delta modulators, n=1
2022-09-28 08:15:36,977 [WARN] DbBoardsPdsc:254 - Board STM32H7B3I-EVAL: unknown feature type=Motor, name=, username=Motor Control, n=1
2022-09-28 08:15:36,977 [WARN] DbBoardsPdsc:254 - Board STM32U575I-EV: unknown feature type=joystick, name=, username=4-direction joystick with selection button, n=1
2022-09-28 08:15:37,023 [INFO] DbBoardsJson:86 - JSON generation date=Tue Nov 16 23:17:54 ICT 2021 (1637079474)
2022-09-28 08:15:37,023 [INFO] DbBoards:117 - Found 167 boards (163 are supported by CubeMX)
2022-09-28 08:15:37,023 [WARN] PackLoader:238 - Cannot read IP mode file for STMicroelectronics.X-CUBE-AI.7.2.0
2022-09-28 08:15:37,039 [INFO] DbBoardsDocs:143 - JSON generation date=Tue Nov 16 23:17:54 ICT 2021 (1637079474)
2022-09-28 08:15:37,039 [INFO] DbBoardsDocs:79 - Found 209 boards documents
2022-09-28 08:15:37,039 [WARN] DbBoards:127 - board B-L475E-IOT01A2 has no document id list !
2022-09-28 08:15:37,039 [WARN] DbBoards:127 - board NUCLEO-H743ZI has no document id list !
2022-09-28 08:15:37,039 [WARN] DbBoards:127 - board NUCLEO-WL55JC2 has no document id list !
2022-09-28 08:15:37,039 [WARN] DbBoards:127 - board P-NUCLEO-WB55-Nucleo has no document id list !
2022-09-28 08:15:37,039 [WARN] DbBoards:127 - board P-NUCLEO-WB55-USBDongle has no document id list !
2022-09-28 08:15:37,039 [WARN] DbBoards:127 - board STEVAL-BFA001V1B has no document id list !
2022-09-28 08:15:37,039 [WARN] DbBoards:127 - board STEVAL-BFA001V2B has no document id list !
2022-09-28 08:15:37,039 [WARN] DbBoards:127 - board STEVAL-IDP005V1 has no document id list !
2022-09-28 08:15:37,039 [WARN] DbBoards:127 - board STEVAL-IDP005V2 has no document id list !
2022-09-28 08:15:37,039 [WARN] DbBoards:127 - board STEVAL-MKSBOX1V1 has no document id list !
2022-09-28 08:15:37,039 [WARN] DbBoards:127 - board STEVAL-STWINKT1 has no document id list !
2022-09-28 08:15:37,039 [WARN] DbBoards:127 - board STEVAL-STWINKT1B has no document id list !
2022-09-28 08:15:37,039 [WARN] DbBoards:127 - board STM32439I-EVAL2 has no document id list !
2022-09-28 08:15:37,039 [WARN] DbBoards:127 - board STM32F401C-DISCO has no document id list !
2022-09-28 08:15:37,039 [WARN] DbBoards:127 - board STM32F769I-DISC1 has no document id list !
2022-09-28 08:15:37,039 [WARN] DbBoards:127 - board STM32G474E-EVAL1 has no document id list !
2022-09-28 08:15:37,039 [WARN] PackLoader:238 - Cannot read IP mode file for STMicroelectronics.X-CUBE-SFXS2LP1.4.0.0
2022-09-28 08:15:37,039 [WARN] DbBoards:127 - board STM32H743I-EVAL2 has no document id list !
2022-09-28 08:15:37,039 [WARN] DbBoards:127 - board STM32H747I-DISC1 has no document id list !
2022-09-28 08:15:37,039 [WARN] DbBoards:127 - board STM32H753I-EVAL2 has no document id list !
2022-09-28 08:15:37,039 [WARN] DbBoards:127 - board STM32L-DISCOVERY has no document id list !
2022-09-28 08:15:37,055 [WARN] PackLoader:238 - Cannot read IP mode file for STMicroelectronics.X-CUBE-BLE2.3.3.0
2022-09-28 08:15:37,070 [WARN] PackLoader:238 - Cannot read IP mode file for STMicroelectronics.X-CUBE-DISPLAY.2.2.0
2022-09-28 08:15:37,070 [WARN] PackLoader:238 - Cannot read IP mode file for STMicroelectronics.X-CUBE-ISPU.1.0.0
2022-09-28 08:15:37,086 [WARN] PackLoader:238 - Cannot read IP mode file for RoweBots.I-CUBE-UNISONRTOS.5.5.0-4
2022-09-28 08:15:37,117 [WARN] PackLoader:238 - Cannot read IP mode file for STMicroelectronics.X-CUBE-AZRTOS-H7.2.1.0
2022-09-28 08:15:37,133 [WARN] PackLoader:238 - Cannot read IP mode file for STMicroelectronics.X-CUBE-BLEMGR.1.0.0
2022-09-28 08:15:37,148 [WARN] PackLoader:238 - Cannot read IP mode file for STMicroelectronics.X-CUBE-ALGOBUILD.1.3.0
2022-09-28 08:15:37,195 [ERROR] DbBoards:189 - Image file not found for board B-U585I-IOT02A: C:\ST\STM32CubeIDE_1.7.0\STM32CubeIDE\plugins\com.st.stm32cube.common.mx_6.3.0.202107141111\\db\/plugins/mcufinder/images/boards/B-U585I-IOT02A_small.jpg
2022-09-28 08:15:37,195 [WARN] PackLoader:238 - Cannot read IP mode file for STMicroelectronics.X-CUBE-AZRTOS-G0.1.1.0
2022-09-28 08:15:37,227 [WARN] PackLoader:238 - Cannot read IP mode file for STMicroelectronics.X-CUBE-SUBG2.5.0.0
2022-09-28 08:15:37,273 [WARN] PackLoader:238 - Cannot read IP mode file for SEGGER.I-CUBE-embOS.1.2.0
2022-09-28 08:15:37,305 [WARN] PackLoader:238 - Cannot read IP mode file for STMicroelectronics.FP-ATR-ASTRA1.1.1.1
2022-09-28 08:15:37,305 [ERROR] DbBoards:189 - Image file not found for board NUCLEO-F413ZH: C:\ST\STM32CubeIDE_1.7.0\STM32CubeIDE\plugins\com.st.stm32cube.common.mx_6.3.0.202107141111\\db\/plugins/mcufinder/images/boards/nucleo-f413zh_small.jpg
2022-09-28 08:15:37,336 [WARN] PackLoader:238 - Cannot read IP mode file for STMicroelectronics.X-CUBE-AZRTOS-G4.1.0.0
2022-09-28 08:15:37,352 [WARN] PackLoader:238 - Cannot read IP mode file for STMicroelectronics.X-CUBE-AZRTOS-L4.1.0.0
2022-09-28 08:15:37,367 [WARN] PackLoader:238 - Cannot read IP mode file for emotas.I-CUBE-CANOPEN.1.1.2
2022-09-28 08:15:37,383 [WARN] PackLoader:238 - Cannot read IP mode file for STMicroelectronics.X-CUBE-TOUCHGFX.4.20.0
2022-09-28 08:15:37,398 [WARN] PackLoader:238 - Cannot read IP mode file for STMicroelectronics.X-CUBE-AZRTOS-WL.1.0.0
2022-09-28 08:15:37,414 [WARN] PackLoader:238 - Cannot read IP mode file for portGmbH.I-Cube-SoM-uGOAL.1.1.0
2022-09-28 08:15:37,414 [WARN] PackLoader:238 - Cannot read IP mode file for STMicroelectronics.X-CUBE-ALS.1.0.1
2022-09-28 08:15:37,445 [WARN] PackLoader:238 - Cannot read IP mode file for STMicroelectronics.X-CUBE-AZRTOS-L5.1.0.0
2022-09-28 08:15:37,445 [WARN] PackLoader:238 - Cannot read IP mode file for STMicroelectronics.X-CUBE-EEPRMA1.3.1.1
2022-09-28 08:15:37,445 [INFO] ThirdParty:915 - Integrity check success = true
2022-09-28 08:15:37,445 [INFO] IntegrityCheckThread:94 - exiting critical section [integrity check]
2022-09-28 08:15:37,445 [INFO] IntegrityCheckThread:97 - End integrity checks thread
2022-09-28 08:15:37,508 [ERROR] DbBoards:189 - Image file not found for board NUCLEO-L552ZE-Q: C:\ST\STM32CubeIDE_1.7.0\STM32CubeIDE\plugins\com.st.stm32cube.common.mx_6.3.0.202107141111\\db\/plugins/mcufinder/images/boards/nucleo_l552ze_q_small.jpg
2022-09-28 08:15:37,508 [ERROR] DbBoards:189 - Image file not found for board NUCLEO-U575ZI-Q: C:\ST\STM32CubeIDE_1.7.0\STM32CubeIDE\plugins\com.st.stm32cube.common.mx_6.3.0.202107141111\\db\/plugins/mcufinder/images/boards/nucleo-u575zi-q_small.jpg
2022-09-28 08:15:37,508 [ERROR] DbBoards:189 - Image file not found for board NUCLEO-WB15CC: C:\ST\STM32CubeIDE_1.7.0\STM32CubeIDE\plugins\com.st.stm32cube.common.mx_6.3.0.202107141111\\db\/plugins/mcufinder/images/boards/nucleo-wb15cc_small.jpg
2022-09-28 08:15:37,508 [ERROR] DbBoards:189 - Image file not found for board NUCLEO-WB55RG: C:\ST\STM32CubeIDE_1.7.0\STM32CubeIDE\plugins\com.st.stm32cube.common.mx_6.3.0.202107141111\\db\/plugins/mcufinder/images/boards/nucleo-wb55rg_small.jpg
2022-09-28 08:15:38,602 [INFO] ApiDb:251 - Load user favorites file C:\Users\HP/.stm32cubeide/favorites.boards.txt: 0 item(s)
2022-09-28 08:15:38,602 [INFO] ApiDb:255 - User favorites Boards=[]
2022-09-28 08:15:38,602 [INFO] DbBoards:206 - Set 0 / 0 favorites Boards
2022-09-28 08:16:01,462 [INFO] MainUpdater:2671 - connection check result : 10
2022-09-28 08:16:01,462 [INFO] MainUpdater:2671 - connection check result : 10
2022-09-28 08:16:01,525 [INFO] MicroXplorer:448 - Change Database Path : 
2022-09-28 08:16:01,525 [INFO] MicroXplorer:478 - Change Database Version : DB.6.0.30
2022-09-28 08:16:01,525 [WARN] ThirdParty:813 - waiting for thirdparty lock release [close project]
2022-09-28 08:16:01,525 [INFO] ThirdParty:815 - entering critical section [close project]
2022-09-28 08:16:01,525 [INFO] ThirdParty:825 - exiting critical section [close project]
2022-09-28 08:16:01,525 [INFO] PinOutPanel:1463 - setPackage(No Configuration,No Configuration)
2022-09-28 08:16:01,525 [INFO] UtilMem:74 - Begin LoadConfig() Used Memory: 334719776 Bytes (503316480)
2022-09-28 08:16:01,540 [INFO] MicroXplorer:448 - Change Database Path : 
2022-09-28 08:16:01,540 [INFO] MicroXplorer:478 - Change Database Version : DB.6.0.30
2022-09-28 08:16:01,540 [INFO] OpenFileManager:313 - Change cursor
2022-09-28 08:16:02,369 [INFO] Context:592 - Trying to add GPIOservice into a context  which must be forbidden
2022-09-28 08:16:02,572 [WARN] ApiManager:304 - Cannot register API 'Board Extension:GNSS1A1' from pack STMicroelectronics.X-CUBE-GNSS1.6.0.0: no header file found
2022-09-28 08:16:02,572 [WARN] ApiManager:304 - Cannot register API 'Board Support:Custom' from pack STMicroelectronics.X-CUBE-GNSS1.6.0.0: no header file found
2022-09-28 08:16:02,572 [WARN] ApiManager:304 - Cannot register API 'Data Exchange:lib_gnss' from pack STMicroelectronics.X-CUBE-GNSS1.6.0.0: no header file found
2022-09-28 08:16:02,587 [WARN] ModelIntegratedComponent:60 - No mode defined for component null
2022-09-28 08:16:02,587 [WARN] ModelIntegratedComponent:60 - No mode defined for component null
2022-09-28 08:16:02,587 [WARN] ModelIntegratedComponent:60 - No mode defined for component null
2022-09-28 08:16:02,587 [WARN] ModelIntegratedComponent:60 - No mode defined for component null
2022-09-28 08:16:02,587 [WARN] ModelIntegratedComponent:60 - No mode defined for component null
2022-09-28 08:16:02,587 [WARN] ModelIntegratedComponent:60 - No mode defined for component null
2022-09-28 08:16:02,587 [WARN] ModelIntegratedComponent:60 - No mode defined for component null
2022-09-28 08:16:02,587 [WARN] ModelIntegratedComponent:60 - No mode defined for component null
2022-09-28 08:16:02,587 [WARN] ModelIntegratedComponent:60 - No mode defined for component null
2022-09-28 08:16:02,587 [WARN] ModelIntegratedComponent:60 - No mode defined for component null
2022-09-28 08:16:02,587 [WARN] ModelIntegratedComponent:60 - No mode defined for component null
2022-09-28 08:16:02,587 [WARN] ModelIntegratedComponent:60 - No mode defined for component null
2022-09-28 08:16:02,587 [WARN] ModelIntegratedComponent:60 - No mode defined for component null
2022-09-28 08:16:02,587 [WARN] ModelIntegratedComponent:60 - No mode defined for component null
2022-09-28 08:16:02,587 [WARN] ModelIntegratedComponent:60 - No mode defined for component null
2022-09-28 08:16:02,587 [WARN] ModelIntegratedComponent:60 - No mode defined for component null
2022-09-28 08:16:02,587 [WARN] ModelIntegratedComponent:60 - No mode defined for component null
2022-09-28 08:16:02,587 [WARN] ModelIntegratedComponent:60 - No mode defined for component null
2022-09-28 08:16:02,587 [WARN] ModelIntegratedComponent:60 - No mode defined for component null
2022-09-28 08:16:02,587 [WARN] ModelIntegratedComponent:60 - No mode defined for component null
2022-09-28 08:16:02,587 [WARN] ModelIntegratedComponent:60 - No mode defined for component null
2022-09-28 08:16:02,587 [WARN] ModelIntegratedComponent:60 - No mode defined for component null
2022-09-28 08:16:02,587 [WARN] ModelIntegratedComponent:60 - No mode defined for component null
2022-09-28 08:16:02,587 [WARN] ModelIntegratedComponent:60 - No mode defined for component null
2022-09-28 08:16:02,587 [WARN] ModelIntegratedComponent:60 - No mode defined for component null
2022-09-28 08:16:02,587 [WARN] ModelIntegratedComponent:60 - No mode defined for component null
2022-09-28 08:16:02,587 [WARN] ModelIntegratedComponent:60 - No mode defined for component null
2022-09-28 08:16:02,587 [WARN] ModelIntegratedComponent:60 - No mode defined for component null
2022-09-28 08:16:02,587 [WARN] ModelIntegratedComponent:60 - No mode defined for component null
2022-09-28 08:16:02,587 [WARN] ModelIntegratedComponent:60 - No mode defined for component null
2022-09-28 08:16:02,587 [WARN] ModelIntegratedComponent:60 - No mode defined for component null
2022-09-28 08:16:02,587 [WARN] ApiManager:304 - Cannot register API 'Board Extension:NFC07A1' from pack STMicroelectronics.X-CUBE-NFC7.1.0.0: no header file found
2022-09-28 08:16:02,744 [WARN] ApiManager:304 - Cannot register API 'Board Extension:IKS01A3' from pack STMicroelectronics.X-CUBE-MEMS1.9.3.0: no header file found
2022-09-28 08:16:02,744 [WARN] ApiManager:304 - Cannot register API 'Board Extension:IKS01A2' from pack STMicroelectronics.X-CUBE-MEMS1.9.3.0: no header file found
2022-09-28 08:16:02,744 [WARN] ApiManager:304 - Cannot register API 'Board Extension:IKS02A1' from pack STMicroelectronics.X-CUBE-MEMS1.9.3.0: no header file found
2022-09-28 08:16:02,759 [WARN] ApiManager:304 - Cannot register API 'Wireless:BlueNRG-MS' from pack STMicroelectronics.X-CUBE-BLE1.6.2.3: no header file found
2022-09-28 08:16:02,759 [INFO] RtosManager:484 - Registered RTOS mode: class=CMSIS, group=RTOS, mode=CMSIS_V1, owner=FREERTOS
2022-09-28 08:16:02,759 [INFO] RtosManager:484 - Registered RTOS mode: class=CMSIS, group=RTOS2, mode=CMSIS_V2, owner=FREERTOS
2022-09-28 08:16:02,759 [INFO] RtosManager:484 - Registered RTOS mode: class=RTOS, group=Core, mode=CMSIS_V1, owner=FREERTOS
2022-09-28 08:16:02,759 [INFO] RtosManager:484 - Registered RTOS mode: class=RTOS, group=Core, mode=CMSIS_V2, owner=FREERTOS
2022-09-28 08:16:02,759 [WARN] ModelIntegratedComponent:181 - Missing modes for component STMicroelectronics:FreeRTOS:0.0.1:STMicroelectronics:RTOS:FreeRTOS:Core:::10.2.0:
2022-09-28 08:16:02,759 [WARN] ApiManager:304 - Cannot register API 'Board Extension:S2868A1' from pack STMicroelectronics.X-CUBE-SUBG2.5.0.0: no header file found
2022-09-28 08:16:02,759 [WARN] ApiManager:304 - Cannot register API 'Board Extension:S2868A2' from pack STMicroelectronics.X-CUBE-SUBG2.5.0.0: no header file found
2022-09-28 08:16:02,759 [WARN] ApiManager:304 - Cannot register API 'Board Extension:S2915A1' from pack STMicroelectronics.X-CUBE-SUBG2.5.0.0: no header file found
2022-09-28 08:16:02,759 [WARN] ApiManager:304 - Cannot register API 'Board Extension:EEPRMA1' from pack STMicroelectronics.X-CUBE-EEPRMA1.3.1.1: no header file found
2022-09-28 08:16:02,759 [WARN] ApiManager:304 - Cannot register API 'Board Extension:EEPRMA2' from pack STMicroelectronics.X-CUBE-EEPRMA1.3.1.1: no header file found
2022-09-28 08:16:02,759 [WARN] ApiManager:304 - Cannot register API 'Board Extension:S2868A1' from pack STMicroelectronics.X-CUBE-SFXS2LP1.4.0.0: no header file found
2022-09-28 08:16:02,759 [WARN] ApiManager:304 - Cannot register API 'Board Extension:S2868A2' from pack STMicroelectronics.X-CUBE-SFXS2LP1.4.0.0: no header file found
2022-09-28 08:16:02,759 [WARN] ApiManager:304 - Cannot register API 'Board Extension:S2915A1' from pack STMicroelectronics.X-CUBE-SFXS2LP1.4.0.0: no header file found
2022-09-28 08:16:02,759 [WARN] ApiManager:304 - Cannot register API 'Wireless:BlueNRG-2' from pack STMicroelectronics.X-CUBE-BLE2.3.3.0: no header file found
2022-09-28 08:16:02,759 [WARN] ApiManager:304 - Cannot register API 'Board Extension:NFC04A1' from pack STMicroelectronics.X-CUBE-NFC4.2.0.4: no header file found
2022-09-28 08:16:03,947 [INFO] UtilMem:74 - End LoadConfig() Used Memory: 431481616 Bytes (503316480)
2022-09-28 08:16:03,947 [WARN] ThirdParty:779 - waiting for thirdparty lock release [change project]
2022-09-28 08:16:03,947 [INFO] ThirdParty:781 - entering critical section [change project]
2022-09-28 08:16:03,947 [INFO] ThirdParty:967 - CMSIS Pack Vendor :RoweBots I-CUBE-UNISONRTOS 5.5.0-4
2022-09-28 08:16:03,947 [INFO] ThirdParty:967 - CMSIS Pack Vendor :STMicroelectronics X-CUBE-GNSS1 6.0.0
2022-09-28 08:16:03,947 [INFO] ThirdParty:967 - CMSIS Pack Vendor :STMicroelectronics X-CUBE-AZRTOS-H7 2.1.0
2022-09-28 08:16:03,947 [INFO] ThirdParty:967 - CMSIS Pack Vendor :STMicroelectronics USB_HOST 2.0.0
2022-09-28 08:16:03,947 [INFO] ThirdParty:967 - CMSIS Pack Vendor :STMicroelectronics X-CUBE-AZRTOS-F4 1.1.0
2022-09-28 08:16:03,947 [INFO] ThirdParty:967 - CMSIS Pack Vendor :STMicroelectronics X-CUBE-AZRTOS-G4 1.0.0
2022-09-28 08:16:03,947 [INFO] ThirdParty:967 - CMSIS Pack Vendor :STMicroelectronics X-CUBE-AZRTOS-L4 1.0.0
2022-09-28 08:16:03,947 [INFO] ThirdParty:967 - CMSIS Pack Vendor :STMicroelectronics USB_DEVICE 3.0.0
2022-09-28 08:16:03,947 [INFO] ThirdParty:967 - CMSIS Pack Vendor :wolfSSL I-CUBE-wolfSSL 5.5.0
2022-09-28 08:16:03,947 [INFO] ThirdParty:967 - CMSIS Pack Vendor :STMicroelectronics HAL Drivers 0.0.0
2022-09-28 08:16:03,947 [INFO] ThirdParty:967 - CMSIS Pack Vendor :STMicroelectronics MBEDTLS 2.16.2
2022-09-28 08:16:03,947 [INFO] ThirdParty:967 - CMSIS Pack Vendor :emotas I-CUBE-CANOPEN 1.1.2
2022-09-28 08:16:03,947 [INFO] ThirdParty:967 - CMSIS Pack Vendor :STMicroelectronics X-CUBE-TOUCHGFX 4.20.0
2022-09-28 08:16:03,947 [INFO] ThirdParty:967 - CMSIS Pack Vendor :STMicroelectronics MBEDTLS 2.14.1
2022-09-28 08:16:03,947 [INFO] ThirdParty:967 - CMSIS Pack Vendor :STMicroelectronics X-CUBE-NFC7 1.0.0
2022-09-28 08:16:03,947 [INFO] ThirdParty:967 - CMSIS Pack Vendor :STMicroelectronics X-CUBE-BLEMGR 1.0.0
2022-09-28 08:16:03,947 [INFO] ThirdParty:967 - CMSIS Pack Vendor :STMicroelectronics X-CUBE-AZRTOS-WL 1.0.0
2022-09-28 08:16:03,947 [INFO] ThirdParty:967 - CMSIS Pack Vendor :STMicroelectronics X-CUBE-AZRTOS-F7 1.1.0
2022-09-28 08:16:03,947 [INFO] ThirdParty:967 - CMSIS Pack Vendor :STMicroelectronics X-CUBE-MEMS1 9.3.0
2022-09-28 08:16:03,947 [INFO] ThirdParty:967 - CMSIS Pack Vendor :portGmbH I-Cube-SoM-uGOAL 1.1.0
2022-09-28 08:16:03,947 [INFO] ThirdParty:967 - CMSIS Pack Vendor :STMicroelectronics X-CUBE-ALS 1.0.1
2022-09-28 08:16:03,947 [INFO] ThirdParty:967 - CMSIS Pack Vendor :STMicroelectronics USB_DEVICE 2.0.0
2022-09-28 08:16:03,947 [INFO] ThirdParty:967 - CMSIS Pack Vendor :STMicroelectronics X-CUBE-AI 7.2.0
2022-09-28 08:16:03,947 [INFO] ThirdParty:967 - CMSIS Pack Vendor :STMicroelectronics X-CUBE-BLE1 6.2.3
2022-09-28 08:16:03,947 [INFO] ThirdParty:967 - CMSIS Pack Vendor :STMicroelectronics X-CUBE-ALGOBUILD 1.3.0
2022-09-28 08:16:03,947 [INFO] ThirdParty:967 - CMSIS Pack Vendor :STMicroelectronics X-CUBE-AZRTOS-L5 1.0.0
2022-09-28 08:16:03,947 [INFO] ThirdParty:967 - CMSIS Pack Vendor :STMicroelectronics FreeRTOS 0.0.1
2022-09-28 08:16:03,947 [INFO] ThirdParty:967 - CMSIS Pack Vendor :STMicroelectronics X-CUBE-AZRTOS-G0 1.1.0
2022-09-28 08:16:03,947 [INFO] ThirdParty:967 - CMSIS Pack Vendor :STMicroelectronics USB_DEVICE 1.0.0
2022-09-28 08:16:03,947 [INFO] ThirdParty:967 - CMSIS Pack Vendor :STMicroelectronics X-CUBE-SUBG2 5.0.0
2022-09-28 08:16:03,947 [INFO] ThirdParty:967 - CMSIS Pack Vendor :SEGGER I-CUBE-embOS 1.2.0
2022-09-28 08:16:03,947 [INFO] ThirdParty:967 - CMSIS Pack Vendor :STMicroelectronics X-CUBE-EEPRMA1 3.1.1
2022-09-28 08:16:03,947 [INFO] ThirdParty:967 - CMSIS Pack Vendor :STMicroelectronics ThreadX 0.0.2
2022-09-28 08:16:03,947 [INFO] ThirdParty:967 - CMSIS Pack Vendor :STMicroelectronics lwIP 2.0.3
2022-09-28 08:16:03,962 [INFO] ThirdParty:967 - CMSIS Pack Vendor :STMicroelectronics lwIP 2.1.2
2022-09-28 08:16:03,962 [INFO] ThirdParty:967 - CMSIS Pack Vendor :STMicroelectronics X-CUBE-SFXS2LP1 4.0.0
2022-09-28 08:16:03,962 [INFO] ThirdParty:967 - CMSIS Pack Vendor :STMicroelectronics X-CUBE-BLE2 3.3.0
2022-09-28 08:16:03,962 [INFO] ThirdParty:967 - CMSIS Pack Vendor :STMicroelectronics X-CUBE-NFC4 2.0.4
2022-09-28 08:16:03,962 [INFO] ThirdParty:967 - CMSIS Pack Vendor :STMicroelectronics USB_HOST 1.0.0
2022-09-28 08:16:03,962 [INFO] ThirdParty:967 - CMSIS Pack Vendor :STMicroelectronics X-CUBE-DISPLAY 2.2.0
2022-09-28 08:16:03,962 [INFO] ThirdParty:967 - CMSIS Pack Vendor :STMicroelectronics PDM2PCM 3.1.0
2022-09-28 08:16:03,962 [INFO] ThirdParty:967 - CMSIS Pack Vendor :STMicroelectronics FP-ATR-ASTRA1 1.1.1
2022-09-28 08:16:03,962 [INFO] ThirdParty:967 - CMSIS Pack Vendor :STMicroelectronics PDM2PCM 3.2.0
2022-09-28 08:16:03,962 [INFO] ThirdParty:967 - CMSIS Pack Vendor :STMicroelectronics PDM2PCM 3.3.0
2022-09-28 08:16:03,962 [INFO] ThirdParty:967 - CMSIS Pack Vendor :STMicroelectronics X-CUBE-TOF1 3.1.0
2022-09-28 08:16:03,962 [INFO] ThirdParty:967 - CMSIS Pack Vendor :STMicroelectronics X-CUBE-ISPU 1.0.0
2022-09-28 08:16:03,962 [INFO] ThirdParty:787 - exiting critical section [change project]
2022-09-28 08:16:04,150 [INFO] PinOutPanel:1463 - setPackage(No Configuration,No Configuration)
2022-09-28 08:16:04,150 [INFO] PinOutPanel:1463 - setPackage(STM32F103C6Ux,UFQFPN48)
2022-09-28 08:16:04,462 [INFO] UtilMem:74 - Before build in PCC Used Memory: 398599536 Bytes (503316480)
2022-09-28 08:16:04,994 [INFO] UtilMem:74 - After build in PCC Used Memory: 354322208 Bytes (503316480)
2022-09-28 08:16:05,009 [INFO] IPUIPlugin:74 - create IPUIPlugin
2022-09-28 08:16:05,009 [INFO] IPUIPlugin:74 - create IPUIPlugin
2022-09-28 08:16:05,009 [INFO] IPUIPlugin:74 - create IPUIPlugin
2022-09-28 08:16:05,009 [INFO] IPUIPlugin:74 - create IPUIPlugin
2022-09-28 08:16:05,009 [INFO] IPUIPlugin:74 - create IPUIPlugin
2022-09-28 08:16:05,009 [INFO] IPUIPlugin:74 - create IPUIPlugin
2022-09-28 08:16:05,009 [INFO] IPUIPlugin:74 - create IPUIPlugin
2022-09-28 08:16:05,009 [INFO] IPUIPlugin:74 - create IPUIPlugin
2022-09-28 08:16:05,009 [INFO] IPUIPlugin:74 - create IPUIPlugin
2022-09-28 08:16:05,009 [INFO] IPUIPlugin:74 - create IPUIPlugin
2022-09-28 08:16:05,009 [INFO] IPUIPlugin:74 - create IPUIPlugin
2022-09-28 08:16:05,009 [INFO] IPUIPlugin:74 - create IPUIPlugin
2022-09-28 08:16:05,009 [INFO] IPUIPlugin:74 - create IPUIPlugin
2022-09-28 08:16:05,009 [INFO] IPUIPlugin:74 - create IPUIPlugin
2022-09-28 08:16:05,009 [INFO] IPUIPlugin:74 - create IPUIPlugin
2022-09-28 08:16:05,009 [INFO] IPUIPlugin:74 - create IPUIPlugin
2022-09-28 08:16:05,009 [INFO] IPUIPlugin:74 - create IPUIPlugin
2022-09-28 08:16:05,009 [INFO] IPUIPlugin:74 - create IPUIPlugin
2022-09-28 08:16:05,009 [INFO] IPUIPlugin:74 - create IPUIPlugin
2022-09-28 08:16:05,009 [INFO] IPUIPlugin:74 - create IPUIPlugin
2022-09-28 08:16:05,009 [INFO] IPUIPlugin:74 - create IPUIPlugin
2022-09-28 08:16:05,009 [INFO] IPUIPlugin:74 - create IPUIPlugin
2022-09-28 08:16:05,009 [INFO] IPUIPlugin:74 - create IPUIPlugin
2022-09-28 08:16:05,119 [INFO] OpenFileManager:333 - Restore cursor
2022-09-28 08:16:05,369 [INFO] UtilMem:74 - End SaveConfig() Used Memory: 417868512 Bytes (503316480)
2022-09-28 08:16:05,415 [INFO] UtilMem:74 - End SaveConfig() Used Memory: 429819680 Bytes (503316480)
2022-09-28 08:16:05,666 [INFO] BlockDiagram:2740 - set Specific Code input for plugin: NVIC
2022-09-28 08:16:05,666 [INFO] BlockDiagram:2740 - set Specific Code input for plugin: SYS
2022-09-28 08:16:05,666 [INFO] BlockDiagram:2740 - set Specific Code input for plugin: GPIO
2022-09-28 08:16:05,666 [INFO] BlockDiagram:2740 - set Specific Code input for plugin: RCC
2022-09-28 08:16:05,666 [INFO] CodeGenerator:663 - code generatio: config db path: C:\ST\STM32CubeIDE_1.7.0\STM32CubeIDE\plugins\com.st.stm32cube.common.mx_6.3.0.202107141111\\db\
2022-09-28 08:16:05,931 [INFO] CodeEngine:239 - oldGeneratedFile, E:\Hoc tap\VXL\LAB\LAB1\Ex2\Ex2\MXTmpFiles\license.tmp_save
2022-09-28 08:16:06,228 [INFO] CodeEngine:257 - Generated code: E:\Hoc tap\VXL\LAB\LAB1\Ex2\Ex2\MXTmpFiles\license.tmp
2022-09-28 08:16:06,306 [INFO] CodeEngine:239 - oldGeneratedFile, E:\Hoc tap\VXL\LAB\LAB1\Ex2\Ex2\MXTmpFiles\gpio.tmp_save
2022-09-28 08:16:06,415 [INFO] CodeEngine:257 - Generated code: E:\Hoc tap\VXL\LAB\LAB1\Ex2\Ex2\MXTmpFiles\gpio.tmp
2022-09-28 08:16:06,447 [INFO] CodeEngine:239 - oldGeneratedFile, E:\Hoc tap\VXL\LAB\LAB1\Ex2\Ex2\Core\Src\stm32f1xx_it.c_save
2022-09-28 08:16:06,541 [INFO] CodeEngine:257 - Generated code: E:\Hoc tap\VXL\LAB\LAB1\Ex2\Ex2\Core\Src\stm32f1xx_it.c
2022-09-28 08:16:06,541 [INFO] CodeEngine:239 - oldGeneratedFile, E:\Hoc tap\VXL\LAB\LAB1\Ex2\Ex2\Core\Inc\stm32f1xx_it.h_save
2022-09-28 08:16:06,603 [INFO] CodeEngine:257 - Generated code: E:\Hoc tap\VXL\LAB\LAB1\Ex2\Ex2\Core\Inc\stm32f1xx_it.h
2022-09-28 08:16:06,619 [INFO] CodeEngine:239 - oldGeneratedFile, E:\Hoc tap\VXL\LAB\LAB1\Ex2\Ex2\Core\Src\stm32f1xx_hal_msp.c_save
2022-09-28 08:16:06,712 [INFO] CodeEngine:257 - Generated code: E:\Hoc tap\VXL\LAB\LAB1\Ex2\Ex2\Core\Src\stm32f1xx_hal_msp.c
2022-09-28 08:16:06,712 [INFO] CodeEngine:239 - oldGeneratedFile, E:\Hoc tap\VXL\LAB\LAB1\Ex2\Ex2\MXTmpFiles\system.tmp_save
2022-09-28 08:16:06,775 [INFO] CodeEngine:257 - Generated code: E:\Hoc tap\VXL\LAB\LAB1\Ex2\Ex2\MXTmpFiles\system.tmp
2022-09-28 08:16:06,790 [INFO] CodeEngine:239 - oldGeneratedFile, E:\Hoc tap\VXL\LAB\LAB1\Ex2\Ex2\Core\Inc\stm32f1xx_hal_conf.h_save
2022-09-28 08:16:06,853 [INFO] CodeEngine:257 - Generated code: E:\Hoc tap\VXL\LAB\LAB1\Ex2\Ex2\Core\Inc\stm32f1xx_hal_conf.h
2022-09-28 08:16:06,884 [INFO] CodeEngine:239 - oldGeneratedFile, E:\Hoc tap\VXL\LAB\LAB1\Ex2\Ex2\Core\Inc\main.h_save
2022-09-28 08:16:06,978 [INFO] CodeEngine:257 - Generated code: E:\Hoc tap\VXL\LAB\LAB1\Ex2\Ex2\Core\Inc\main.h
2022-09-28 08:16:06,978 [INFO] CodeEngine:239 - oldGeneratedFile, E:\Hoc tap\VXL\LAB\LAB1\Ex2\Ex2\Core\Src\main.c_save
2022-09-28 08:16:07,072 [INFO] CodeEngine:257 - Generated code: E:\Hoc tap\VXL\LAB\LAB1\Ex2\Ex2\Core\Src\main.c
2022-09-28 08:16:07,900 [INFO] ProjectBuilder:2578 - Time for Copy HAL[1] : 203mS.
2022-09-28 08:16:07,916 [INFO] ProjectBuilder:3622 - Project Generator version: 3.14.1
2022-09-28 08:16:08,338 [INFO] ConfigFileManager:1271 - The Die is : DIE412
2022-09-28 08:16:08,353 [INFO] ApiDbMcu:468 - Load IP Config File for FATFS
2022-09-28 08:16:08,385 [INFO] ApiDbMcu:468 - Load IP Config File for FREERTOS
2022-09-28 08:16:08,416 [INFO] ApiDbMcu:468 - Load IP Config File for USB_DEVICE
2022-09-28 08:16:13,807 [INFO] ProjectBuilder:3789 - Time for Generating toolchain IDE Files: 5891mS.
2022-09-28 08:16:13,807 [INFO] ProjectBuilder:2457 - Time for Copy CMSIS : 0mS.
2022-09-28 08:16:13,807 [INFO] ProjectBuilder:2457 - Time for Copy CMSIS : 0mS.
2022-09-28 08:16:14,525 [INFO] McuFinderGlobals:52 - Set McuFinderConnectedMode to true
2022-09-28 08:16:14,541 [INFO] ApiDb:276 - Save user favorites file C:\Users\HP/.stm32cubeide/favorites.mcus.txt: 0 item(s)
2022-09-28 08:16:14,541 [INFO] ApiDb:280 - User favorites MCUs=[]
2022-09-28 08:16:30,714 [INFO] UtilMem:74 - End SaveConfig() Used Memory: 543761472 Bytes (793772032)
2022-09-28 08:16:31,839 [INFO] UtilMem:74 - End SaveConfig() Used Memory: 560265040 Bytes (793772032)
2022-09-28 08:16:33,573 [INFO] UtilMem:74 - End SaveConfig() Used Memory: 330670336 Bytes (793772032)
2022-09-28 08:16:33,807 [INFO] BlockDiagram:2740 - set Specific Code input for plugin: NVIC
2022-09-28 08:16:33,807 [INFO] BlockDiagram:2740 - set Specific Code input for plugin: SYS
2022-09-28 08:16:33,807 [INFO] BlockDiagram:2740 - set Specific Code input for plugin: GPIO
2022-09-28 08:16:33,807 [INFO] BlockDiagram:2740 - set Specific Code input for plugin: RCC
2022-09-28 08:16:33,807 [INFO] CodeGenerator:663 - code generatio: config db path: C:\ST\STM32CubeIDE_1.7.0\STM32CubeIDE\plugins\com.st.stm32cube.common.mx_6.3.0.202107141111\\db\
2022-09-28 08:16:34,011 [INFO] CodeEngine:239 - oldGeneratedFile, E:\Hoc tap\VXL\LAB\LAB1\Ex2\Ex2\MXTmpFiles\license.tmp_save
2022-09-28 08:16:34,057 [INFO] CodeEngine:257 - Generated code: E:\Hoc tap\VXL\LAB\LAB1\Ex2\Ex2\MXTmpFiles\license.tmp
2022-09-28 08:16:34,073 [INFO] CodeEngine:239 - oldGeneratedFile, E:\Hoc tap\VXL\LAB\LAB1\Ex2\Ex2\MXTmpFiles\gpio.tmp_save
2022-09-28 08:16:34,120 [INFO] CodeEngine:257 - Generated code: E:\Hoc tap\VXL\LAB\LAB1\Ex2\Ex2\MXTmpFiles\gpio.tmp
2022-09-28 08:16:34,151 [INFO] CodeEngine:239 - oldGeneratedFile, E:\Hoc tap\VXL\LAB\LAB1\Ex2\Ex2\Core\Src\stm32f1xx_it.c_save
2022-09-28 08:16:34,214 [INFO] CodeEngine:257 - Generated code: E:\Hoc tap\VXL\LAB\LAB1\Ex2\Ex2\Core\Src\stm32f1xx_it.c
2022-09-28 08:16:34,214 [INFO] CodeEngine:239 - oldGeneratedFile, E:\Hoc tap\VXL\LAB\LAB1\Ex2\Ex2\Core\Inc\stm32f1xx_it.h_save
2022-09-28 08:16:34,261 [INFO] CodeEngine:257 - Generated code: E:\Hoc tap\VXL\LAB\LAB1\Ex2\Ex2\Core\Inc\stm32f1xx_it.h
2022-09-28 08:16:34,276 [INFO] CodeEngine:239 - oldGeneratedFile, E:\Hoc tap\VXL\LAB\LAB1\Ex2\Ex2\Core\Src\stm32f1xx_hal_msp.c_save
2022-09-28 08:16:34,354 [INFO] CodeEngine:257 - Generated code: E:\Hoc tap\VXL\LAB\LAB1\Ex2\Ex2\Core\Src\stm32f1xx_hal_msp.c
2022-09-28 08:16:34,354 [INFO] CodeEngine:239 - oldGeneratedFile, E:\Hoc tap\VXL\LAB\LAB1\Ex2\Ex2\MXTmpFiles\system.tmp_save
2022-09-28 08:16:34,401 [INFO] CodeEngine:257 - Generated code: E:\Hoc tap\VXL\LAB\LAB1\Ex2\Ex2\MXTmpFiles\system.tmp
2022-09-28 08:16:34,417 [INFO] CodeEngine:239 - oldGeneratedFile, E:\Hoc tap\VXL\LAB\LAB1\Ex2\Ex2\Core\Inc\stm32f1xx_hal_conf.h_save
2022-09-28 08:16:34,479 [INFO] CodeEngine:257 - Generated code: E:\Hoc tap\VXL\LAB\LAB1\Ex2\Ex2\Core\Inc\stm32f1xx_hal_conf.h
2022-09-28 08:16:34,495 [INFO] CodeEngine:239 - oldGeneratedFile, E:\Hoc tap\VXL\LAB\LAB1\Ex2\Ex2\Core\Inc\main.h_save
2022-09-28 08:16:34,573 [INFO] CodeEngine:257 - Generated code: E:\Hoc tap\VXL\LAB\LAB1\Ex2\Ex2\Core\Inc\main.h
2022-09-28 08:16:34,573 [INFO] CodeEngine:239 - oldGeneratedFile, E:\Hoc tap\VXL\LAB\LAB1\Ex2\Ex2\Core\Src\main.c_save
2022-09-28 08:16:34,729 [INFO] CodeEngine:257 - Generated code: E:\Hoc tap\VXL\LAB\LAB1\Ex2\Ex2\Core\Src\main.c
2022-09-28 08:16:35,526 [INFO] ProjectBuilder:2578 - Time for Copy HAL[1] : 140mS.
2022-09-28 08:16:35,526 [INFO] ProjectBuilder:3622 - Project Generator version: 3.14.1
2022-09-28 08:16:36,042 [INFO] ConfigFileManager:1271 - The Die is : DIE412
2022-09-28 08:16:37,823 [INFO] ProjectBuilder:3789 - Time for Generating toolchain IDE Files: 2297mS.
2022-09-28 08:16:37,823 [INFO] ProjectBuilder:2457 - Time for Copy CMSIS : 0mS.
2022-09-28 08:16:37,823 [INFO] ProjectBuilder:2457 - Time for Copy CMSIS : 0mS.
